<?xml version="1.0" encoding="UTF-8"?>
<!-- Generated by org.testng.reporters.JUnitXMLReporter -->
<testsuite ignored="0" hostname="DESKTOP-VCH7H8L" failures="0" tests="3" name="Default test" time="28.993" errors="0" timestamp="30 May 2024 07:27:26 GMT">
  <testcase classname="com.crm.qa.testcases.LoginPageTest" name="loginPageTitleTest" time="0.102"/>
  <testcase classname="com.crm.qa.testcases.LoginPageTest" name="crmLogoImageTest" time="0.214"/>
  <testcase classname="com.crm.qa.testcases.LoginPageTest" name="loginTest" time="5.564"/>
</testsuite> <!-- Default test -->
